<?xml version="1.0" encoding="UTF-8"?>
<!-- Generated by org.testng.reporters.JUnitXMLReporter -->
<testsuite ignored="0" hostname="WLD22DFR" failures="0" tests="2" name="Error Validation Test" time="35.173" errors="0" timestamp="2023-07-30T12:26:46 IST">
  <testcase classname="tthoughtfocus.tests.ErrorValidationsTest" name="LoginErrorValidation" time="0.518"/>
  <testcase classname="tthoughtfocus.tests.ErrorValidationsTest" name="ProductErrorValidation" time="25.384"/>
</testsuite> <!-- Error Validation Test -->
