<?xml version="1.0" encoding="UTF-8"?>
<!-- Generated by org.testng.reporters.JUnitXMLReporter -->
<testsuite ignored="0" hostname="WLD22DFR" failures="0" tests="2" name="Error Validations Test" time="49.222" errors="0" timestamp="2023-09-26T12:37:36 IST">
  <testcase classname="tthoughtfocus.tests.ErrorValidationsTest" name="LoginErrorValidation" time="1.46"/>
  <testcase classname="tthoughtfocus.tests.ErrorValidationsTest" name="ProductErrorValidation" time="28.214"/>
</testsuite> <!-- Error Validations Test -->
