<?xml version="1.0" encoding="UTF-8"?>
<!-- Generated by org.testng.reporters.JUnitXMLReporter -->
<testsuite ignored="1" hostname="WLD22DFR" failures="0" tests="1" name="Submit Order Test" time="14.786" errors="0" timestamp="2023-12-18T22:55:52 IST">
  <testcase classname="tthoughtfocus.tests.SubmitOrderTest" name="submitOrder" time="8.913"/>
  <testcase classname="tthoughtfocus.tests.SubmitOrderTest" name="OrderHistoryTest" time="0.0">
    <ignored/>
  </testcase> <!-- OrderHistoryTest -->
</testsuite> <!-- Submit Order Test -->
